<?xml version="1.0" encoding="UTF-8"?>
<testsuite name="com.learn.book.springboot.web.HelloControllerTest" tests="2" skipped="0" failures="0" errors="0" timestamp="2021-10-21T05:46:20" hostname="DESKTOP-R7TNIQD" time="0.208">
  <properties/>
  <testcase name="hello가_리턴된다" classname="com.learn.book.springboot.web.HelloControllerTest" time="0.081"/>
  <testcase name="helloDto가_리턴된다" classname="com.learn.book.springboot.web.HelloControllerTest" time="0.126"/>
  <system-out><![CDATA[2021-10-21 14:46:18.550  INFO 23568 --- [    Test worker] .b.t.a.w.s.WebMvcTestContextBootstrapper : Neither @ContextConfiguration nor @ContextHierarchy found for test class [com.learn.book.springboot.web.HelloControllerTest], using SpringBootContextLoader
2021-10-21 14:46:18.570  INFO 23568 --- [    Test worker] o.s.t.c.support.AbstractContextLoader    : Could not detect default resource locations for test class [com.learn.book.springboot.web.HelloControllerTest]: no resource found for suffixes {-context.xml, Context.groovy}.
2021-10-21 14:46:18.570  INFO 23568 --- [    Test worker] t.c.s.AnnotationConfigContextLoaderUtils : Could not detect default configuration classes for test class [com.learn.book.springboot.web.HelloControllerTest]: HelloControllerTest does not declare any static, non-private, non-final, nested classes annotated with @Configuration.
2021-10-21 14:46:18.635  INFO 23568 --- [    Test worker] .b.t.c.SpringBootTestContextBootstrapper : Found @SpringBootConfiguration com.learn.book.springboot.Application for test class com.learn.book.springboot.web.HelloControllerTest
2021-10-21 14:46:18.638  INFO 23568 --- [    Test worker] .b.t.a.w.s.WebMvcTestContextBootstrapper : Loaded default TestExecutionListener class names from location [META-INF/spring.factories]: [org.springframework.security.test.context.support.WithSecurityContextTestExecutionListener, org.springframework.security.test.context.support.ReactorContextTestExecutionListener, org.springframework.boot.test.autoconfigure.restdocs.RestDocsTestExecutionListener, org.springframework.boot.test.autoconfigure.web.client.MockRestServiceServerResetTestExecutionListener, org.springframework.boot.test.autoconfigure.web.servlet.MockMvcPrintOnlyOnFailureTestExecutionListener, org.springframework.boot.test.autoconfigure.web.servlet.WebDriverTestExecutionListener, org.springframework.boot.test.mock.mockito.MockitoTestExecutionListener, org.springframework.boot.test.mock.mockito.ResetMocksTestExecutionListener, org.springframework.test.context.web.ServletTestExecutionListener, org.springframework.test.context.support.DirtiesContextBeforeModesTestExecutionListener, org.springframework.test.context.support.DependencyInjectionTestExecutionListener, org.springframework.test.context.support.DirtiesContextTestExecutionListener, org.springframework.test.context.transaction.TransactionalTestExecutionListener, org.springframework.test.context.jdbc.SqlScriptsTestExecutionListener]
2021-10-21 14:46:18.642  INFO 23568 --- [    Test worker] .b.t.a.w.s.WebMvcTestContextBootstrapper : Using TestExecutionListeners: [org.springframework.test.context.web.ServletTestExecutionListener@26f242ff, org.springframework.test.context.support.DirtiesContextBeforeModesTestExecutionListener@e66c10a, org.springframework.boot.test.mock.mockito.MockitoTestExecutionListener@22b5989e, org.springframework.boot.test.autoconfigure.SpringBootDependencyInjectionTestExecutionListener@6d073dbb, org.springframework.test.context.support.DirtiesContextTestExecutionListener@59d66f5e, org.springframework.test.context.transaction.TransactionalTestExecutionListener@61009bff, org.springframework.test.context.jdbc.SqlScriptsTestExecutionListener@6f7f9e29, org.springframework.security.test.context.support.WithSecurityContextTestExecutionListener@3bc18c98, org.springframework.security.test.context.support.ReactorContextTestExecutionListener@5187a821, org.springframework.boot.test.autoconfigure.restdocs.RestDocsTestExecutionListener@34bd1e8d, org.springframework.boot.test.autoconfigure.web.client.MockRestServiceServerResetTestExecutionListener@272050e5, org.springframework.boot.test.autoconfigure.web.servlet.MockMvcPrintOnlyOnFailureTestExecutionListener@1032add5, org.springframework.boot.test.autoconfigure.web.servlet.WebDriverTestExecutionListener@7c98c952, org.springframework.boot.test.mock.mockito.ResetMocksTestExecutionListener@208df93a]

  .   ____          _            __ _ _
 /\\ / ___'_ __ _ _(_)_ __  __ _ \ \ \ \
( ( )\___ | '_ | '_| | '_ \/ _` | \ \ \ \
 \\/  ___)| |_)| | | | | || (_| |  ) ) ) )
  '  |____| .__|_| |_|_| |_\__, | / / / /
 =========|_|==============|___/=/_/_/_/
 :: Spring Boot ::        (v2.1.7.RELEASE)

2021-10-21 14:46:18.743  INFO 23568 --- [    Test worker] c.l.b.s.web.HelloControllerTest          : Starting HelloControllerTest on DESKTOP-R7TNIQD with PID 23568 (started by SteveLee in C:\Users\SteveLee\Desktop\LearnBoot)
2021-10-21 14:46:18.747  INFO 23568 --- [    Test worker] c.l.b.s.web.HelloControllerTest          : No active profile set, falling back to default profiles: default
2021-10-21 14:46:19.816  INFO 23568 --- [    Test worker] o.s.s.concurrent.ThreadPoolTaskExecutor  : Initializing ExecutorService 'applicationTaskExecutor'
2021-10-21 14:46:19.890  INFO 23568 --- [    Test worker] o.s.b.a.w.s.WelcomePageHandlerMapping    : Adding welcome page template: index
2021-10-21 14:46:20.464  INFO 23568 --- [    Test worker] .s.s.UserDetailsServiceAutoConfiguration : 

Using generated security password: fd0665b5-e637-4b4f-8870-8dd33bbeeff6

2021-10-21 14:46:20.781  INFO 23568 --- [    Test worker] o.s.s.web.DefaultSecurityFilterChain     : Creating filter chain: any request, [org.springframework.security.web.context.request.async.WebAsyncManagerIntegrationFilter@4ae8493a, org.springframework.security.web.context.SecurityContextPersistenceFilter@7cfb30b5, org.springframework.security.web.header.HeaderWriterFilter@34e2a5ba, org.springframework.security.web.csrf.CsrfFilter@61d614e1, org.springframework.security.web.authentication.logout.LogoutFilter@6273bec4, org.springframework.security.web.authentication.UsernamePasswordAuthenticationFilter@6713ca53, org.springframework.security.web.authentication.ui.DefaultLoginPageGeneratingFilter@3a9270ae, org.springframework.security.web.authentication.ui.DefaultLogoutPageGeneratingFilter@678ec2a4, org.springframework.security.web.authentication.www.BasicAuthenticationFilter@720050d6, org.springframework.security.web.savedrequest.RequestCacheAwareFilter@68bb6c91, org.springframework.security.web.servletapi.SecurityContextHolderAwareRequestFilter@4955db49, org.springframework.security.web.authentication.AnonymousAuthenticationFilter@1778a863, org.springframework.security.web.session.SessionManagementFilter@65c2cedb, org.springframework.security.web.access.ExceptionTranslationFilter@7b6df72c, org.springframework.security.web.access.intercept.FilterSecurityInterceptor@6918aede]
2021-10-21 14:46:20.865  INFO 23568 --- [    Test worker] o.s.b.t.m.w.SpringBootMockServletContext : Initializing Spring TestDispatcherServlet ''
2021-10-21 14:46:20.865  INFO 23568 --- [    Test worker] o.s.t.web.servlet.TestDispatcherServlet  : Initializing Servlet ''
2021-10-21 14:46:20.899  INFO 23568 --- [    Test worker] o.s.t.web.servlet.TestDispatcherServlet  : Completed initialization in 34 ms
2021-10-21 14:46:20.975  INFO 23568 --- [    Test worker] c.l.b.s.web.HelloControllerTest          : Started HelloControllerTest in 2.326 seconds (JVM running for 23.123)
]]></system-out>
  <system-err><![CDATA[]]></system-err>
</testsuite>
